<?xml version="1.0" encoding="UTF-8"?>
<!-- Generated by org.testng.reporters.JUnitReportReporter -->
<testsuite hostname="Acer-Pc" name="day20.LoginusingReflection" tests="1" failures="0" timestamp="5 Oct 2015 16:35:25 GMT" time="28.052" errors="0">
  <testcase name="loginTest" time="28.052" classname="day20.LoginusingReflection"/>
</testsuite> <!-- day20.LoginusingReflection -->
