<?xml version="1.0" encoding="UTF-8"?>
<!-- Generated by org.testng.reporters.JUnitReportReporter -->
<testsuite hostname="Acer-Pc" name="day26.Testcase1" tests="1" failures="0" timestamp="14 Oct 2015 16:29:39 GMT" time="33.812" errors="0">
  <testcase name="POMTestcase" time="33.812" classname="day26.Testcase1"/>
</testsuite> <!-- day26.Testcase1 -->
