<?xml version="1.0" encoding="UTF-8"?>
<!-- Generated by org.testng.reporters.JUnitReportReporter -->
<testsuite hostname="Acer-Pc" name="day14.RightClick" tests="1" failures="0" timestamp="28 Sep 2015 10:09:28 GMT" time="2021.198" errors="0">
  <testcase name="rightClicktest" time="2021.198" classname="day14.RightClick"/>
</testsuite> <!-- day14.RightClick -->
