<?xml version="1.0" encoding="UTF-8"?>
<!-- Generated by org.testng.reporters.JUnitReportReporter -->
<testsuite hostname="Acer-Pc" name="day12.checkboxestesting" tests="1" failures="0" timestamp="25 Sep 2015 10:14:11 GMT" time="21.849" errors="0">
  <testcase name="checkboxtest" time="21.849" classname="day12.checkboxestesting"/>
</testsuite> <!-- day12.checkboxestesting -->
