<?xml version="1.0" encoding="UTF-8"?>
<!-- Generated by org.testng.reporters.JUnitReportReporter -->
<testsuite hostname="Acer-Pc" name="day18.DataDrivenTesting2" tests="1" failures="0" timestamp="2 Oct 2015 18:58:55 GMT" time="35.815" errors="0">
  <testcase name="LinksTest" time="35.815" classname="day18.DataDrivenTesting2"/>
</testsuite> <!-- day18.DataDrivenTesting2 -->
