<?xml version="1.0" encoding="UTF-8"?>
<!-- Generated by org.testng.reporters.JUnitReportReporter -->
<testsuite hostname="Acer-Pc" name="day20.LoginUsingProperties" tests="1" failures="0" timestamp="5 Oct 2015 08:23:08 GMT" time="22.793" errors="0">
  <testcase name="loginTest" time="22.793" classname="day20.LoginUsingProperties"/>
</testsuite> <!-- day20.LoginUsingProperties -->
