<?xml version="1.0" encoding="UTF-8"?>
<!-- Generated by org.testng.reporters.JUnitReportReporter -->
<testsuite hostname="Acer-Pc" name="day16.Test1" tests="1" failures="0" timestamp="30 Sep 2015 17:59:13 GMT" time="25.383" errors="0">
  <testcase name="webTableTest" time="25.383" classname="day16.Test1"/>
</testsuite> <!-- day16.Test1 -->
