<?xml version="1.0" encoding="UTF-8"?>
<!-- Generated by org.testng.reporters.JUnitReportReporter -->
<testsuite hostname="Acer-Pc" name="day23.YahooLOgin" tests="1" failures="0" timestamp="9 Oct 2015 18:34:36 GMT" time="17.887" errors="0">
  <testcase name="loginTest" time="17.887" classname="day23.YahooLOgin"/>
</testsuite> <!-- day23.YahooLOgin -->
