<?xml version="1.0" encoding="UTF-8"?>
<!-- Generated by org.testng.reporters.JUnitReportReporter -->
<testsuite hostname="Acer-Pc" name="day14.MouseHover" tests="1" failures="0" timestamp="28 Sep 2015 09:29:36 GMT" time="18.898" errors="0">
  <testcase name="mousehoverTest" time="18.898" classname="day14.MouseHover"/>
</testsuite> <!-- day14.MouseHover -->
