<?xml version="1.0" encoding="UTF-8"?>
<!-- Generated by org.testng.reporters.JUnitReportReporter -->
<testsuite hostname="Acer-Pc" name="day16.Webtable_Calander1" tests="1" failures="0" timestamp="4 Oct 2015 17:13:07 GMT" time="23.106" errors="0">
  <testcase name="webtableTest" time="23.106" classname="day16.Webtable_Calander1"/>
</testsuite> <!-- day16.Webtable_Calander1 -->
