<?xml version="1.0" encoding="UTF-8"?>
<!-- Generated by org.testng.reporters.JUnitReportReporter -->
<testsuite hostname="Acer-Pc" name="day15.WebTableTesting_Dynamic" tests="1" failures="0" timestamp="29 Sep 2015 18:16:45 GMT" time="25.668" errors="0">
  <testcase name="webTableTest" time="25.668" classname="day15.WebTableTesting_Dynamic"/>
</testsuite> <!-- day15.WebTableTesting_Dynamic -->
