<?xml version="1.0" encoding="UTF-8"?>
<!-- Generated by org.testng.reporters.JUnitReportReporter -->
<testsuite hostname="Acer-Pc" name="day11.XpathCreation2" tests="1" failures="0" timestamp="25 Sep 2015 08:48:19 GMT" time="23.739" errors="0">
  <testcase name="xpathtest" time="23.739" classname="day11.XpathCreation2"/>
</testsuite> <!-- day11.XpathCreation2 -->
