<?xml version="1.0" encoding="UTF-8"?>
<!-- Generated by org.testng.reporters.JUnitReportReporter -->
<testsuite hostname="Acer-Pc" name="day15.AjexAutoSuggestions" tests="1" failures="0" timestamp="29 Sep 2015 17:31:06 GMT" time="22.292" errors="0">
  <testcase name="ajaxTest" time="22.292" classname="day15.AjexAutoSuggestions"/>
</testsuite> <!-- day15.AjexAutoSuggestions -->
