<?xml version="1.0" encoding="UTF-8"?>
<!-- Generated by org.testng.reporters.JUnitReportReporter -->
<testsuite hostname="Acer-Pc" name="day14.CookiesTest" tests="1" failures="0" timestamp="28 Sep 2015 10:52:59 GMT" time="35.628" errors="0">
  <testcase name="cookiestest" time="35.628" classname="day14.CookiesTest"/>
</testsuite> <!-- day14.CookiesTest -->
