<?xml version="1.0" encoding="UTF-8"?>
<!-- Generated by org.testng.reporters.JUnitReportReporter -->
<testsuite hostname="Acer-Pc" name="day17.WebTableExcel" tests="1" failures="0" timestamp="2 Oct 2015 18:08:46 GMT" time="29.970" errors="0">
  <testcase name="Webtabletest" time="29.970" classname="day17.WebTableExcel"/>
</testsuite> <!-- day17.WebTableExcel -->
