<?xml version="1.0" encoding="UTF-8"?>
<!-- Generated by org.testng.reporters.JUnitReportReporter -->
<testsuite hostname="Acer-Pc" name="day12.CapturingImagelinks" tests="1" failures="0" timestamp="25 Sep 2015 09:53:00 GMT" time="67.705" errors="0">
  <testcase name="imageandlinks" time="67.705" classname="day12.CapturingImagelinks"/>
</testsuite> <!-- day12.CapturingImagelinks -->
