<?xml version="1.0" encoding="UTF-8"?>
<!-- Generated by org.testng.reporters.JUnitReportReporter -->
<testsuite hostname="Acer-Pc" name="day20.LoginUsingKeywords" tests="1" failures="0" timestamp="12 Oct 2015 14:51:19 GMT" time="18.250" errors="0">
  <testcase name="loginTest" time="18.250" classname="day20.LoginUsingKeywords"/>
</testsuite> <!-- day20.LoginUsingKeywords -->
