<?xml version="1.0" encoding="UTF-8"?>
<!-- Generated by org.testng.reporters.JUnitReportReporter -->
<testsuite hostname="Acer-Pc" name="day12.Checkboxestesting2" tests="1" failures="0" timestamp="25 Sep 2015 10:18:10 GMT" time="18.086" errors="0">
  <testcase name="checkboxtest" time="18.086" classname="day12.Checkboxestesting2"/>
</testsuite> <!-- day12.Checkboxestesting2 -->
