<?xml version="1.0" encoding="UTF-8"?>
<!-- Generated by org.testng.reporters.JUnitReportReporter -->
<testsuite hostname="Acer-Pc" name="day13.Framestesting" tests="1" failures="0" timestamp="28 Sep 2015 09:18:43 GMT" time="27.016" errors="0">
  <testcase name="FramesTest" time="27.016" classname="day13.Framestesting"/>
</testsuite> <!-- day13.Framestesting -->
