<?xml version="1.0" encoding="UTF-8"?>
<!-- Generated by org.testng.reporters.JUnitReportReporter -->
<testsuite hostname="Acer-Pc" name="day25.ParallelTesting" tests="4" failures="0" timestamp="12 Oct 2015 16:36:24 GMT" time="256.207" errors="0">
  <testcase name="loginTest" time="73.525" classname="day25.ParallelTesting"/>
  <testcase name="loginTest" time="60.236" classname="day25.ParallelTesting"/>
  <testcase name="loginTest" time="95.699" classname="day25.ParallelTesting"/>
  <testcase name="loginTest" time="26.747" classname="day25.ParallelTesting"/>
</testsuite> <!-- day25.ParallelTesting -->
