<?xml version="1.0" encoding="UTF-8"?>
<!-- Generated by org.testng.reporters.JUnitReportReporter -->
<testsuite hostname="Acer-Pc" name="day12.Inputfields" tests="1" failures="0" timestamp="25 Sep 2015 08:47:20 GMT" time="44.185" errors="0">
  <testcase name="inputBotest" time="44.185" classname="day12.Inputfields"/>
</testsuite> <!-- day12.Inputfields -->
