<?xml version="1.0" encoding="UTF-8"?>
<!-- Generated by org.testng.reporters.JUnitReportReporter -->
<testsuite hostname="Acer-Pc" name="day12.ExplicitWait" tests="1" failures="0" timestamp="25 Sep 2015 09:44:22 GMT" time="43.608" errors="0">
  <testcase name="waittest" time="43.608" classname="day12.ExplicitWait"/>
</testsuite> <!-- day12.ExplicitWait -->
