<?xml version="1.0" encoding="UTF-8"?>
<!-- Generated by org.testng.reporters.JUnitReportReporter -->
<testsuite hostname="Acer-Pc" name="day13.Multiwindowtesting" tests="1" failures="0" timestamp="27 Sep 2015 06:23:49 GMT" time="22.827" errors="0">
  <testcase name="Multiwindowstest" time="22.827" classname="day13.Multiwindowtesting"/>
</testsuite> <!-- day13.Multiwindowtesting -->
