<?xml version="1.0" encoding="UTF-8"?>
<!-- Generated by org.testng.reporters.JUnitReportReporter -->
<testsuite hostname="Acer-Pc" name="day11.Xpathcreation" tests="1" failures="0" timestamp="22 Sep 2015 19:05:23 GMT" time="49.388" errors="0">
  <testcase name="xpathTest" time="49.388" classname="day11.Xpathcreation"/>
</testsuite> <!-- day11.Xpathcreation -->
