<?xml version="1.0" encoding="UTF-8"?>
<!-- Generated by org.testng.reporters.JUnitReportReporter -->
<testsuite hostname="Acer-Pc" name="day23.DataDrivenTesting_db" tests="1" failures="0" timestamp="9 Oct 2015 17:56:57 GMT" time="19.205" errors="0">
  <testcase name="LinksTest" time="19.205" classname="day23.DataDrivenTesting_db"/>
</testsuite> <!-- day23.DataDrivenTesting_db -->
