<?xml version="1.0" encoding="UTF-8"?>
<!-- Generated by org.testng.reporters.JUnitReportReporter -->
<testsuite hostname="Acer-Pc" name="day12.CheckElemantPresence" tests="1" failures="0" timestamp="25 Sep 2015 09:59:13 GMT" time="41.165" errors="0">
  <testcase name="elementPresencetest" time="41.165" classname="day12.CheckElemantPresence"/>
</testsuite> <!-- day12.CheckElemantPresence -->
