<?xml version="1.0" encoding="UTF-8"?>
<!-- Generated by org.testng.reporters.JUnitReportReporter -->
<testsuite hostname="Acer-Pc" name="day24.Login" tests="1" failures="0" timestamp="11 Oct 2015 12:51:02 GMT" time="4.212" errors="0">
  <testcase name="loginTest" time="4.212" classname="day24.Login"/>
</testsuite> <!-- day24.Login -->
