<?xml version="1.0" encoding="UTF-8"?>
<!-- Generated by org.testng.reporters.JUnitReportReporter -->
<testsuite hostname="Acer-Pc" name="day15.WebTableTesting2" tests="1" failures="0" timestamp="29 Sep 2015 18:14:46 GMT" time="36.571" errors="0">
  <testcase name="webTableTest" time="36.571" classname="day15.WebTableTesting2"/>
</testsuite> <!-- day15.WebTableTesting2 -->
