<?xml version="1.0" encoding="UTF-8"?>
<!-- Generated by org.testng.reporters.JUnitReportReporter -->
<testsuite hostname="Acer-Pc" name="day19.AlertHandling" tests="1" failures="0" timestamp="3 Oct 2015 18:25:34 GMT" time="24.272" errors="0">
  <testcase name="dropdownTest" time="24.272" classname="day19.AlertHandling"/>
</testsuite> <!-- day19.AlertHandling -->
