<?xml version="1.0" encoding="UTF-8"?>
<!-- Generated by org.testng.reporters.JUnitReportReporter -->
<testsuite hostname="Acer-Pc" name="day15.WebTableTesting" tests="1" failures="0" timestamp="29 Sep 2015 18:11:32 GMT" time="20.375" errors="0">
  <testcase name="webTableTest" time="20.375" classname="day15.WebTableTesting"/>
</testsuite> <!-- day15.WebTableTesting -->
