<?xml version="1.0" encoding="UTF-8"?>
<!-- Generated by org.testng.reporters.JUnitReportReporter -->
<testsuite hostname="Acer-Pc" name="day12.Implicitwait" tests="1" failures="0" timestamp="25 Sep 2015 09:13:47 GMT" time="32.465" errors="0">
  <testcase name="waittest" time="32.465" classname="day12.Implicitwait"/>
</testsuite> <!-- day12.Implicitwait -->
