<?xml version="1.0" encoding="UTF-8"?>
<!-- Generated by org.testng.reporters.JUnitReportReporter -->
<testsuite hostname="Acer-Pc" name="day10.Sample1" tests="3" failures="0" timestamp="22 Sep 2015 07:55:43 GMT" time="0.020" errors="0">
  <testcase name="registrationtesting" time="0.001" classname="day10.Sample1"/>
  <testcase name="logout" time="0.000" classname="day10.Sample1"/>
  <testcase name="logintest" time="0.019" classname="day10.Sample1"/>
</testsuite> <!-- day10.Sample1 -->
