<?xml version="1.0" encoding="UTF-8"?>
<!-- Generated by org.testng.reporters.JUnitReportReporter -->
<testsuite hostname="Acer-Pc" name="day12.FluentWait" tests="1" failures="0" timestamp="25 Sep 2015 09:46:03 GMT" time="64.352" errors="0">
  <testcase name="waitTest" time="64.352" classname="day12.FluentWait"/>
</testsuite> <!-- day12.FluentWait -->
