<?xml version="1.0" encoding="UTF-8"?>
<!-- Generated by org.testng.reporters.JUnitReportReporter -->
<testsuite hostname="Acer-Pc" name="day24.Links" tests="1" failures="0" timestamp="11 Oct 2015 12:51:02 GMT" time="48.511" errors="0">
  <testcase name="linksTest" time="48.511" classname="day24.Links"/>
</testsuite> <!-- day24.Links -->
