<?xml version="1.0" encoding="UTF-8"?>
<!-- Generated by org.testng.reporters.JUnitReportReporter -->
<testsuite hostname="Acer-Pc" name="day19.MultipleDropdownSelection" tests="1" failures="0" timestamp="3 Oct 2015 18:15:25 GMT" time="14.441" errors="0">
  <testcase name="dropdownTest" time="14.441" classname="day19.MultipleDropdownSelection"/>
</testsuite> <!-- day19.MultipleDropdownSelection -->
