<?xml version="1.0" encoding="UTF-8"?>
<!-- Generated by org.testng.reporters.JUnitReportReporter -->
<testsuite hostname="Acer-Pc" name="day13.Multiwindowtesting2" tests="1" failures="0" timestamp="27 Sep 2015 06:21:47 GMT" time="36.180" errors="0">
  <testcase name="Multiwindowstest" time="36.180" classname="day13.Multiwindowtesting2"/>
</testsuite> <!-- day13.Multiwindowtesting2 -->
